18:23:41.395 [main] INFO  com.guru99bank.web.LoginPageTest - Browser initialized
18:23:41.525 [main] INFO  com.guru99bank.web.LoginPageTest - UserID entered
18:23:41.593 [main] INFO  com.guru99bank.web.LoginPageTest - Password entered
18:23:43.636 [main] INFO  com.guru99bank.web.LoginPageTest - Clicked on login button
18:23:43.727 [main] INFO  com.guru99bank.web.LoginPageTest - Test Passed :: Verified Login for valid user/password
18:23:49.757 [main] INFO  com.guru99bank.web.LoginPageTest - UserID entered
18:23:49.821 [main] INFO  com.guru99bank.web.LoginPageTest - Password entered
18:23:50.632 [main] INFO  com.guru99bank.web.LoginPageTest - Clicked on login button
18:23:50.636 [main] INFO  com.guru99bank.web.LoginPageTest - Test Passed :: Verified login for invalid user/password
18:23:52.608 [main] INFO  com.guru99bank.web.LoginPageTest - UserID entered
18:23:52.655 [main] INFO  com.guru99bank.web.LoginPageTest - Password entered
18:23:53.561 [main] INFO  com.guru99bank.web.LoginPageTest - Clicked on login button
18:23:53.566 [main] INFO  com.guru99bank.web.LoginPageTest - Test Passed :: Verified login for invalid user/password
18:23:55.379 [main] INFO  com.guru99bank.web.LoginPageTest - UserID entered
18:23:55.447 [main] INFO  com.guru99bank.web.LoginPageTest - Password entered
18:23:56.449 [main] INFO  com.guru99bank.web.LoginPageTest - Clicked on login button
18:23:56.453 [main] INFO  com.guru99bank.web.LoginPageTest - Test Passed :: Verified login for invalid user/password
18:23:57.118 [main] INFO  resources.base - Browser instance closed
18:24:05.267 [main] INFO  resources.base - /nBrowser initialized
18:24:05.362 [main] INFO  resources.base - UserID entered
18:24:05.441 [main] INFO  resources.base - Password entered
18:24:07.446 [main] INFO  resources.base - Clicked on login button
18:24:09.555 [main] INFO  com.guru99bank.web.ChangePasswordPageTest - Test Passed :: Verified incorrect password
18:24:16.957 [main] INFO  resources.base - /nBrowser initialized
18:24:17.080 [main] INFO  resources.base - UserID entered
18:24:17.153 [main] INFO  resources.base - Password entered
18:24:19.952 [main] INFO  resources.base - Clicked on login button
18:24:23.969 [main] INFO  com.guru99bank.web.AddCustomerPageTest - Test Passed :: Customer ID 28645
18:24:23.969 [main] INFO  com.guru99bank.web.AddCustomerPageTest - Test Passed :: Customer Registered Successfully
18:24:24.205 [main] INFO  com.guru99bank.web.AddCustomerPageTest - Test Passed :: Customer Details Verified Successfully
18:24:24.864 [main] INFO  resources.base - Browser instance closed
18:24:32.548 [main] INFO  resources.base - /nBrowser initialized
18:24:32.643 [main] INFO  resources.base - UserID entered
18:24:32.722 [main] INFO  resources.base - Password entered
18:24:34.475 [main] INFO  resources.base - Clicked on login button
18:24:40.506 [main] INFO  com.guru99bank.web.AddAccountPageTest - Test Passed :: Account ID 66931
18:24:40.506 [main] INFO  com.guru99bank.web.AddAccountPageTest - Test Passed :: Account Generated Successfully
18:24:41.154 [main] INFO  resources.base - Browser instance closed
18:24:48.077 [main] INFO  resources.base - /nBrowser initialized
18:24:48.216 [main] INFO  resources.base - UserID entered
18:24:48.285 [main] INFO  resources.base - Password entered
18:24:51.059 [main] INFO  resources.base - Clicked on login button
18:24:55.490 [main] INFO  com.guru99bank.web.DeleteAccountPageTest - Test Passed : Delete this account pop is shown
18:24:57.310 [main] INFO  resources.base - Browser instance closed
18:28:40.314 [main] INFO  resources.base - /nBrowser initialized
18:28:40.438 [main] INFO  resources.base - UserID entered
18:28:40.520 [main] INFO  resources.base - Password entered
18:28:42.327 [main] INFO  resources.base - Clicked on login button
18:28:46.015 [main] INFO  com.guru99bank.web.DeleteAccountPageTest - Test Passed : Delete this account pop is shown
18:28:47.036 [main] INFO  com.guru99bank.web.DeleteAccountPageTest - Test Passed : Account Deleted Sucessfully


18:38:05.387 [main] INFO  resources.base - ------------------------------------------------------------------------------------
18:38:05.390 [main] INFO  resources.base - Browser initialized
18:38:05.488 [main] INFO  resources.base - UserID entered
18:38:05.561 [main] INFO  resources.base - Password entered
18:38:07.853 [main] INFO  resources.base - Clicked on login button
18:38:10.114 [main] INFO  com.guru99bank.web.DeleteAccountPageTest - Test Passed : Delete this account pop is shown
18:38:11.150 [main] INFO  com.guru99bank.web.DeleteAccountPageTest - Test Passed : Account Deleted Sucessfully
18:43:26.364 [main] INFO  resources.base - ------------------------------------------------------------------------------------
18:43:26.367 [main] INFO  resources.base - Browser initialized
18:43:26.503 [main] INFO  resources.base - UserID entered
18:43:26.598 [main] INFO  resources.base - Password entered
18:43:28.683 [main] INFO  resources.base - Clicked on login button
18:45:11.925 [main] INFO  com.guru99bank.web.DeleteAccountPageTest - Test Passed : Delete this account pop is shown
18:54:26.377 [main] INFO  resources.base - ------------------------------------------------------------------------------------
18:54:26.390 [main] INFO  resources.base - Browser initialized
18:54:26.500 [main] INFO  resources.base - UserID entered
18:54:26.572 [main] INFO  resources.base - Password entered
18:54:29.040 [main] INFO  resources.base - Clicked on login button
18:54:44.892 [main] INFO  resources.base - Browser instance closed
18:55:09.424 [main] INFO  resources.base - ------------------------------------------------------------------------------------
18:55:09.426 [main] INFO  resources.base - Browser initialized
18:55:09.533 [main] INFO  resources.base - UserID entered
18:55:09.616 [main] INFO  resources.base - Password entered
18:55:12.676 [main] INFO  resources.base - Clicked on login button
18:55:22.040 [main] INFO  com.guru99bank.web.AddAccountPageTest - Test Passed :: Account ID 66932
18:55:22.041 [main] INFO  com.guru99bank.web.AddAccountPageTest - Test Passed :: Account Generated Successfully
18:55:22.699 [main] INFO  resources.base - Browser instance closed
19:06:34.397 [main] INFO  resources.base - ------------------------------------------------------------------------------------
19:06:34.407 [main] INFO  resources.base - Browser initialized
19:06:34.849 [main] INFO  resources.base - UserID entered
19:06:34.936 [main] INFO  resources.base - Password entered
19:06:36.833 [main] INFO  resources.base - Clicked on login button
19:07:19.433 [main] INFO  com.guru99bank.web.DeleteAccountPageTest - Navigated to Delete Account Page
19:07:25.181 [main] INFO  com.guru99bank.web.DeleteAccountPageTest - Test Passed : Delete this account pop is shown
19:07:48.800 [main] INFO  com.guru99bank.web.DeleteAccountPageTest - Navigated to Delete Account Page
19:08:11.743 [main] INFO  com.guru99bank.web.DeleteAccountPageTest - Test Passed : Account Deleted Sucessfully
11:55:01.893 [main] INFO  com.guru99bank.web.LoginPageTest - Browser initialized
11:55:03.316 [main] INFO  com.guru99bank.web.LoginPageTest - UserID entered
11:55:03.427 [main] INFO  com.guru99bank.web.LoginPageTest - Password entered
11:55:04.408 [main] INFO  com.guru99bank.web.LoginPageTest - Clicked on login button
11:55:04.419 [main] INFO  com.guru99bank.web.LoginPageTest - Test Passed :: Verified login for invalid user/password
11:55:06.401 [main] INFO  com.guru99bank.web.LoginPageTest - UserID entered
11:55:06.523 [main] INFO  com.guru99bank.web.LoginPageTest - Password entered
11:55:07.160 [main] INFO  com.guru99bank.web.LoginPageTest - Clicked on login button
11:55:07.165 [main] INFO  com.guru99bank.web.LoginPageTest - Test Passed :: Verified login for invalid user/password
11:55:09.471 [main] INFO  com.guru99bank.web.LoginPageTest - UserID entered
11:55:09.564 [main] INFO  com.guru99bank.web.LoginPageTest - Password entered
11:55:10.070 [main] INFO  com.guru99bank.web.LoginPageTest - Clicked on login button
11:55:10.080 [main] INFO  com.guru99bank.web.LoginPageTest - Test Passed :: Verified login for invalid user/password
11:55:12.276 [main] INFO  com.guru99bank.web.LoginPageTest - UserID entered
11:55:12.334 [main] INFO  com.guru99bank.web.LoginPageTest - Password entered
11:55:12.805 [main] INFO  com.guru99bank.web.LoginPageTest - Clicked on login button
11:55:12.811 [main] INFO  com.guru99bank.web.LoginPageTest - Test Passed :: Verified login for invalid user/password
11:55:13.503 [main] INFO  resources.base - Browser instance closed
12:06:48.525 [main] INFO  com.guru99bank.web.LoginPageTest - Browser initialized
12:06:48.764 [main] INFO  com.guru99bank.web.LoginPageTest - UserID entered
12:06:48.844 [main] INFO  com.guru99bank.web.LoginPageTest - Password entered
12:06:49.536 [main] INFO  com.guru99bank.web.LoginPageTest - Clicked on login button
12:06:49.549 [main] INFO  com.guru99bank.web.LoginPageTest - Test Passed :: Verified login for invalid user/password
12:06:51.608 [main] INFO  com.guru99bank.web.LoginPageTest - UserID entered
12:06:51.686 [main] INFO  com.guru99bank.web.LoginPageTest - Password entered
12:06:52.274 [main] INFO  com.guru99bank.web.LoginPageTest - Clicked on login button
12:06:52.279 [main] INFO  com.guru99bank.web.LoginPageTest - Test Passed :: Verified login for invalid user/password
12:06:55.461 [main] INFO  com.guru99bank.web.LoginPageTest - UserID entered
12:06:55.516 [main] INFO  com.guru99bank.web.LoginPageTest - Password entered
12:06:56.090 [main] INFO  com.guru99bank.web.LoginPageTest - Clicked on login button
12:06:56.093 [main] INFO  com.guru99bank.web.LoginPageTest - Test Passed :: Verified login for invalid user/password
12:06:58.981 [main] INFO  com.guru99bank.web.LoginPageTest - UserID entered
12:06:59.098 [main] INFO  com.guru99bank.web.LoginPageTest - Password entered
12:06:59.908 [main] INFO  com.guru99bank.web.LoginPageTest - Clicked on login button
12:06:59.917 [main] INFO  com.guru99bank.web.LoginPageTest - Test Passed :: Verified login for invalid user/password
12:07:00.670 [main] INFO  resources.base - Browser instance closed
12:25:39.969 [main] INFO  com.guru99bank.web.LoginPageTest - Browser initialized
12:25:40.206 [main] INFO  com.guru99bank.web.LoginPageTest - UserID entered
12:25:40.303 [main] INFO  com.guru99bank.web.LoginPageTest - Password entered
12:25:41.036 [main] INFO  com.guru99bank.web.LoginPageTest - Clicked on login button
12:25:41.045 [main] INFO  com.guru99bank.web.LoginPageTest - Test Passed :: Verified login for invalid user/password
12:25:42.875 [main] INFO  com.guru99bank.web.LoginPageTest - UserID entered
12:25:42.957 [main] INFO  com.guru99bank.web.LoginPageTest - Password entered
12:25:43.431 [main] INFO  com.guru99bank.web.LoginPageTest - Clicked on login button
12:25:43.437 [main] INFO  com.guru99bank.web.LoginPageTest - Test Passed :: Verified login for invalid user/password
12:25:46.231 [main] INFO  com.guru99bank.web.LoginPageTest - UserID entered
12:25:46.288 [main] INFO  com.guru99bank.web.LoginPageTest - Password entered
12:25:46.797 [main] INFO  com.guru99bank.web.LoginPageTest - Clicked on login button
12:25:46.801 [main] INFO  com.guru99bank.web.LoginPageTest - Test Passed :: Verified login for invalid user/password
12:25:49.246 [main] INFO  com.guru99bank.web.LoginPageTest - UserID entered
12:25:49.357 [main] INFO  com.guru99bank.web.LoginPageTest - Password entered
12:25:49.998 [main] INFO  com.guru99bank.web.LoginPageTest - Clicked on login button
12:25:50.016 [main] INFO  com.guru99bank.web.LoginPageTest - Test Passed :: Verified login for invalid user/password
12:25:50.799 [main] INFO  resources.base - Browser instance closed
12:29:49.328 [main] INFO  com.guru99bank.web.LoginPageTest - Browser initialized
12:29:49.463 [main] INFO  com.guru99bank.web.LoginPageTest - UserID entered
12:29:49.557 [main] INFO  com.guru99bank.web.LoginPageTest - Password entered
12:29:50.129 [main] INFO  com.guru99bank.web.LoginPageTest - Clicked on login button
12:29:50.137 [main] INFO  com.guru99bank.web.LoginPageTest - Test Passed :: Verified login for invalid user/password
12:29:53.227 [main] INFO  com.guru99bank.web.LoginPageTest - UserID entered
12:29:53.307 [main] INFO  com.guru99bank.web.LoginPageTest - Password entered
12:29:53.801 [main] INFO  com.guru99bank.web.LoginPageTest - Clicked on login button
12:29:53.814 [main] INFO  com.guru99bank.web.LoginPageTest - Test Passed :: Verified login for invalid user/password
12:29:55.643 [main] INFO  com.guru99bank.web.LoginPageTest - UserID entered
12:29:55.733 [main] INFO  com.guru99bank.web.LoginPageTest - Password entered
12:29:56.308 [main] INFO  com.guru99bank.web.LoginPageTest - Clicked on login button
12:29:56.322 [main] INFO  com.guru99bank.web.LoginPageTest - Test Passed :: Verified login for invalid user/password
12:29:58.897 [main] INFO  com.guru99bank.web.LoginPageTest - UserID entered
12:29:59.016 [main] INFO  com.guru99bank.web.LoginPageTest - Password entered
12:29:59.770 [main] INFO  com.guru99bank.web.LoginPageTest - Clicked on login button
12:29:59.779 [main] INFO  com.guru99bank.web.LoginPageTest - Test Passed :: Verified login for invalid user/password
12:30:00.521 [main] INFO  resources.base - Browser instance closed
15:37:15.620 [main] INFO  com.guru99bank.web.LoginPageTest - Browser initialized
15:37:16.407 [main] INFO  com.guru99bank.web.LoginPageTest - UserID entered
15:37:16.484 [main] INFO  com.guru99bank.web.LoginPageTest - Password entered
15:37:17.443 [main] INFO  com.guru99bank.web.LoginPageTest - Clicked on login button
15:37:17.453 [main] INFO  com.guru99bank.web.LoginPageTest - Test Passed :: Verified login for invalid user/password
15:37:19.145 [main] INFO  com.guru99bank.web.LoginPageTest - UserID entered
15:37:19.221 [main] INFO  com.guru99bank.web.LoginPageTest - Password entered
15:37:19.779 [main] INFO  com.guru99bank.web.LoginPageTest - Clicked on login button
15:37:19.783 [main] INFO  com.guru99bank.web.LoginPageTest - Test Passed :: Verified login for invalid user/password
15:37:21.719 [main] INFO  com.guru99bank.web.LoginPageTest - UserID entered
15:37:21.772 [main] INFO  com.guru99bank.web.LoginPageTest - Password entered
15:37:22.292 [main] INFO  com.guru99bank.web.LoginPageTest - Clicked on login button
15:37:22.302 [main] INFO  com.guru99bank.web.LoginPageTest - Test Passed :: Verified login for invalid user/password
15:37:24.592 [main] INFO  com.guru99bank.web.LoginPageTest - UserID entered
15:37:24.681 [main] INFO  com.guru99bank.web.LoginPageTest - Password entered
15:37:25.240 [main] INFO  com.guru99bank.web.LoginPageTest - Clicked on login button
15:37:25.247 [main] INFO  com.guru99bank.web.LoginPageTest - Test Passed :: Verified login for invalid user/password
15:37:25.956 [main] INFO  resources.base - Browser instance closed
15:39:16.216 [main] INFO  com.guru99bank.web.LoginPageTest - Browser initialized
15:39:16.894 [main] INFO  com.guru99bank.web.LoginPageTest - UserID entered
15:39:16.975 [main] INFO  com.guru99bank.web.LoginPageTest - Password entered
15:39:17.586 [main] INFO  com.guru99bank.web.LoginPageTest - Clicked on login button
15:39:17.594 [main] INFO  com.guru99bank.web.LoginPageTest - Test Passed :: Verified login for invalid user/password
15:39:20.133 [main] INFO  com.guru99bank.web.LoginPageTest - UserID entered
15:39:20.240 [main] INFO  com.guru99bank.web.LoginPageTest - Password entered
15:39:20.805 [main] INFO  com.guru99bank.web.LoginPageTest - Clicked on login button
15:39:20.815 [main] INFO  com.guru99bank.web.LoginPageTest - Test Passed :: Verified login for invalid user/password
15:39:23.556 [main] INFO  com.guru99bank.web.LoginPageTest - UserID entered
15:39:23.680 [main] INFO  com.guru99bank.web.LoginPageTest - Password entered
15:39:24.325 [main] INFO  com.guru99bank.web.LoginPageTest - Clicked on login button
15:39:24.336 [main] INFO  com.guru99bank.web.LoginPageTest - Test Passed :: Verified login for invalid user/password
15:39:27.492 [main] INFO  com.guru99bank.web.LoginPageTest - UserID entered
15:39:27.655 [main] INFO  com.guru99bank.web.LoginPageTest - Password entered
15:39:28.935 [main] INFO  com.guru99bank.web.LoginPageTest - Clicked on login button
15:39:28.944 [main] INFO  com.guru99bank.web.LoginPageTest - Test Passed :: Verified login for invalid user/password
15:39:29.699 [main] INFO  resources.base - Browser instance closed
